

/******************************************************************************************
* WriteStepFile diagnostics.
* Date:                           Tue Feb 25 14:45:10 2020 
* Produced by:                    The EXPRESS Data Manager Version 5.02.0100.07 : 28 Aug 2013
* Module:                         EDMstepFileFactory/EDMstandAlone
* Host:                           PC91963
* Database:                       C:\Users\frte\AppData\Local\Temp\1\{B5CE7B09-59E7-4044-A620-94277AB9C908}\ifc
* Database version:               5507
* Database creation date:         Tue Feb 25 14:45:09 2020
* Model:                          DataRepository.ifc
* Model creation date:            Tue Feb 25 14:45:10 2020
* Header model:                   DataRepository.ifc_HeaderModel
* Header model creation date:     Tue Feb 25 14:45:10 2020
* Step file:                      Project1.ifc
* EDMuser:                        sdai-user
* EDMgroup:                       sdai-group
* License ID and type:            5605 : Permanent license. Expiry date: 
* EDMstepFileFactory options:     020000
******************************************************************************************/


------------------------------------------------------------------------------------------------
Operation terminated successfully.
------------------------------------------------------------------------------------------------

